Arguments: 
  /Users/wehand/.nvm/versions/node/v10.15.0/bin/node /usr/local/Cellar/yarn/1.16.0/libexec/bin/yarn.js

PATH: 
  /opt/local/bin:/opt/local/sbin:/usr/local/opt/mongodb@3.6/bin:/anaconda3/bin:/Library/Frameworks/Python.framework/Versions/3.6/bin:/usr/local/opt/openssl/bin:/Users/wehand/.nvm/versions/node/v10.15.0/bin:/usr/local/bin:/usr/bin:/bin:/usr/sbin:/sbin:/usr/local/share/npm/bin:/mongodb/bin:/usr/local/share/dotnet:/opt/X11/bin:~/.dotnet/tools:/Library/Frameworks/Mono.framework/Versions/Current/Commands:/Applications/Xamarin Workbooks.app/Contents/SharedSupport/path-bin:/opt/local/bin:/opt/local/sbin:/usr/local/opt/mongodb@3.6/bin:/anaconda3/bin:/Library/Frameworks/Python.framework/Versions/3.6/bin:/usr/local/opt/openssl/bin:/Users/wehand/.nvm/versions/node/v10.15.0/bin:/Applications/DevDesktop/tools:/opt/yarn-[version]/bin:/Applications/DevDesktop/tools:/Applications/DevDesktop/tools:/opt/yarn-[version]/bin:/Applications/DevDesktop/tools

Yarn version: 
  1.16.0

Node version: 
  10.15.0

Platform: 
  darwin x64

Trace: 
  SyntaxError: /Users/wehand/Code/react-form-drupal/package.json: Unexpected token } in JSON at position 2226
      at JSON.parse (<anonymous>)
      at /usr/local/Cellar/yarn/1.16.0/libexec/lib/cli.js:1625:59
      at Generator.next (<anonymous>)
      at step (/usr/local/Cellar/yarn/1.16.0/libexec/lib/cli.js:304:30)
      at /usr/local/Cellar/yarn/1.16.0/libexec/lib/cli.js:315:13

npm manifest: 
  {
      "name": "react-form-drupal",
      "version": "1.0.0",
      "description": "",
      "main": "index.html",
      "scripts": {
          "start:proxy": "node proxy-server/server.js",
          "start": "parcel index.html",
          "stop": "pkill SIGINT ProxyServer",
          "build": "parcel build src/index.js --detailed-report -d dist",
          "build:test": "parcel build src/index.js --detailed-report -d dist/test/v1",
          "postbuild":  "pax -rws /index/form/ dist/index* . && rm dist/index*",
          "test": "jest"
      },
      "repository": {
          "type": "git",
          "url": "https://wlhcbn@bitbucket.org/wlhcbn/cbn-react-giving-form.git"
      },
      "keywords": [],
      "author": "Wesley L. Handy, Internet Developer II, The Christian Broadcasting Network, Inc. (Wesley.Handy@cbn.org)",
      "license": "ISC",
      "private": true,
      "browserslist": "> 1%, last 2 versions",
      "dependencies": {
          "@babel/polyfill": "^7.4.4",
          "@emotion/babel-preset-css-prop": "^10.0.9",
          "@emotion/core": "^10.0.10",
          "@emotion/styled": "^10.0.12",
          "core-js": "3",
          "prop-types": "^15.7.2",
          "react": "^16.8.6",
          "react-dom": "^16.8.6",
          "react-icons": "^3.7.0",
          "react-typography": "^0.16.19",
          "typography": "^0.16.19",
          "secure-ls": "^1.2.5",
          "shortid": "^2.2.14",
          "whatwg-fetch": "^2.0.4"
      },
      "devDependencies": {
          "@babel/core": "^7.4.5",
          "@babel/plugin-proposal-object-rest-spread": "^7.4.4",
          "@babel/preset-env": "^7.4.5",
          "@babel/preset-react": "^7.0.0",
          "@babel/preset-stage-2": "^7.0.0",
          "babel-jest": "^24.8.0",
          "babel-plugin-emotion": "^10.0.13",
          "babel-plugin-transform-inline-environment-variables": "^0.4.3",
          "body-parser": "^1.18.3",
          "compression": "^1.7.3",
          "concurrently": "^3.6.1",
          "core-js": "^2.6.4",
          "cors": "^2.8.5",
          "dotenv": "^6.2.0",
          "express": "^4.16.4",
          "hbs": "^4.0.1",
          "ipaddr.js": "^1.9.0",
          "jest": "^24.8.0",
          "jest-emotion": "^10.0.11",
          "multer": "^1.4.1",
          "node-fetch": "^2.3.0",
          "parcel-bundler": "^1.12.3",
      }
  }

yarn manifest: 
  No manifest

Lockfile: 
  No lockfile
